
 PRINT S    NODAL SOLUTION PER NODE
 
  ***** POST1 NODAL STRESS LISTING *****                                       
  PowerGraphics Is Currently Enabled                                           
 
  LOAD STEP=     1  SUBSTEP=     1                                             
   TIME=    1.0000      LOAD CASE=   0                                         
  SHELL NODAL RESULTS ARE AT TOP/BOTTOM FOR MATERIAL   1                       
 
  THE FOLLOWING X,Y,Z VALUES ARE IN GLOBAL COORDINATES                         
 
    NODE     SX           SY           SZ           SXY          SYZ          SXZ     
      27  -1.3745     -0.15247E-002  0.0000      0.64485E-001  0.0000       0.0000     
      27  -1.3745     -0.15247E-002  0.0000      0.64485E-001  0.0000       0.0000     
      81   1.3745     -0.18475E-001  0.0000      0.64485E-001  0.0000       0.0000     
      81   1.3745     -0.18475E-001  0.0000      0.64485E-001  0.0000       0.0000     
     181 -0.91696     -0.40024E-002  0.0000      0.10712       0.0000       0.0000     
     181 -0.91696     -0.40024E-002  0.0000      0.10712       0.0000       0.0000     
     182  0.61062E-008-0.10000E-001  0.0000      0.14976       0.0000       0.0000     
     182  0.61062E-008-0.10000E-001  0.0000      0.14976       0.0000       0.0000     
     183  0.91696     -0.15998E-001  0.0000      0.10712       0.0000       0.0000     
     183  0.91696     -0.15998E-001  0.0000      0.10712       0.0000       0.0000     

 MINIMUM VALUES
 NODE         27           81           27           27           27           27
 VALUE   -1.3745     -0.18475E-001  0.0000      0.64485E-001  0.0000       0.0000     

 MAXIMUM VALUES
 NODE         81           27           27          182           27           27
 VALUE    1.3745     -0.15247E-002  0.0000      0.14976       0.0000       0.0000     

