
 PRINT S    NODAL SOLUTION PER NODE
 
  ***** POST1 NODAL STRESS LISTING *****                                       
  PowerGraphics Is Currently Enabled                                           
 
  LOAD STEP=     0  SUBSTEP=     1                                             
   TIME=    1.0000      LOAD CASE=   0                                         
  SHELL NODAL RESULTS ARE AT TOP/BOTTOM FOR MATERIAL   1                       
 
  THE FOLLOWING X,Y,Z VALUES ARE IN GLOBAL COORDINATES                         
 
    NODE     SX           SY           SZ           SXY          SYZ          SXZ     
      60  -1.7151      0.46940E-003  0.0000      0.68779E-002  0.0000       0.0000     
      60  -1.7151      0.46940E-003  0.0000      0.68779E-002  0.0000       0.0000     
     167   1.7151     -0.20469E-001  0.0000      0.68779E-002  0.0000       0.0000     
     167   1.7151     -0.20469E-001  0.0000      0.68779E-002  0.0000       0.0000     
     315  0.86143     -0.17174E-001  0.0000      0.12709       0.0000       0.0000     
     315  0.86143     -0.17174E-001  0.0000      0.12709       0.0000       0.0000     
     463  0.67625E-009-0.10000E-001  0.0000      0.16710       0.0000       0.0000     
     463  0.67625E-009-0.10000E-001  0.0000      0.16710       0.0000       0.0000     
     611 -0.86143     -0.28258E-002  0.0000      0.12709       0.0000       0.0000     
     611 -0.86143     -0.28258E-002  0.0000      0.12709       0.0000       0.0000     

 MINIMUM VALUES
 NODE         60          167           60           60           60           60
 VALUE   -1.7151     -0.20469E-001  0.0000      0.68779E-002  0.0000       0.0000     

 MAXIMUM VALUES
 NODE        167           60           60          463           60           60
 VALUE    1.7151      0.46940E-003  0.0000      0.16710       0.0000       0.0000     

